<?xml version="1.0" encoding="UTF-8"?>
<testsuite xmlns:xsi="http://www.w3.org/2001/XMLSchema-instance" xsi:noNamespaceSchemaLocation="https://maven.apache.org/surefire/maven-surefire-plugin/xsd/surefire-test-report.xsd" name="com.bank.AppTest" time="0.073" tests="3" errors="0" skipped="0" failures="0">
  <properties>
[...]
</properties>
  <testcase name="testIncorrectWithdraw" classname="com.bank.AppTest" time="0.004"/>
  <testcase name="testDeposit" classname="com.bank.AppTest" time="0.006"/>
  <testcase name="testCorrectWithdraw" classname="com.bank.AppTest" time="0.002"/>
</testsuite>